#
# A fatal error has been detected by the Java Runtime Environment:
#
#  SIGSEGV (0xb) at pc=0xb6bbdbb8, pid=17062, tid=2296019776
#
# JRE version: 7.0_25-b30
# Java VM: OpenJDK Server VM (23.7-b01 mixed mode linux-x86 )
# Problematic frame:
# V  [libjvm.so+0x425bb8]  java_lang_String::utf8_length(oopDesc*)+0x58
#
# Failed to write core dump. Core dumps have been disabled. To enable core dumping, try "ulimit -c unlimited" before starting Java again
#
# If you would like to submit a bug report, please include
# instructions on how to reproduce the bug and visit:
#   https://bugs.launchpad.net/ubuntu/+source/openjdk-7/
#

---------------  T H R E A D  ---------------

Current thread (0x8ac9cc00):  JavaThread "JDWP Transport Listener: dt_socket" daemon [_thread_in_vm, id=17079, stack(0x88d57000,0x88da8000)]

siginfo:si_signo=SIGSEGV: si_errno=0, si_code=1 (SEGV_MAPERR), si_addr=0x00000008

Registers:
EAX=0xa87b6e18, EBX=0xb70c3ff4, ECX=0x00000000, EDX=0x00000000
ESP=0x88da6f90, EBP=0x88da6fe8, ESI=0x00000000, EDI=0x094066b8
EIP=0xb6bbdbb8, EFLAGS=0x00010246, CR2=0x00000008

Top of Stack: (sp=0x88da6f90)
0x88da6f90:   b64d6960 88da70bc b64a4b6b 8ac9cc00
0x88da6fa0:   b6bbdb69 b70c3ff4 8ac9cc00 b6bccbb1
0x88da6fb0:   a87b6e18 8ac9cc00 b6590188 b70c3ff4
0x88da6fc0:   00000032 b6503430 09403468 a87b6e18
0x88da6fd0:   094066b8 88da708c 8ac9cc00 00000000
0x88da6fe0:   094066b8 88da708c 8ac9cc00 8ac9cc00
0x88da6ff0:   00000190 00000008 b64c115b b64d5ff4
0x88da7000:   8ac9cd28 094066b8 88da7048 b64a03a0 

Instructions: (pc=0xb6bbdbb8)
0xb6bbdb98:   10 8d 4c 4e 0c 31 c0 85 d2 0f 45 c1 89 54 24 04
0xb6bbdba8:   89 04 24 e8 a0 59 31 00 83 c4 14 5b 5e c3 66 90
0xb6bbdbb8:   8b 56 08 eb dc 90 66 90 56 31 c9 53 e8 0e 45 c7
0xb6bbdbc8:   ff 81 c3 2b 64 50 00 83 ec 14 8b 44 24 20 8b 93 

Register to memory mapping:

EAX=0xa87b6e18 is an oop
java.lang.String 
 - klass: 'java/lang/String'
EBX=0xb70c3ff4: <offset 0x92bff4> in /usr/lib/jvm/java-7-openjdk-i386/jre/lib/i386/server/libjvm.so at 0xb6798000
ECX=0x00000000 is an unknown value
EDX=0x00000000 is an unknown value
ESP=0x88da6f90 is pointing into the stack for thread: 0x8ac9cc00
EBP=0x88da6fe8 is pointing into the stack for thread: 0x8ac9cc00
ESI=0x00000000 is an unknown value
EDI=0x094066b8 is a global jni handle


Stack: [0x88d57000,0x88da8000],  sp=0x88da6f90,  free space=319k
Native frames: (J=compiled Java code, j=interpreted, Vv=VM code, C=native code)
V  [libjvm.so+0x425bb8]  java_lang_String::utf8_length(oopDesc*)+0x58


---------------  P R O C E S S  ---------------

Java Threads: ( => current thread )
  0x8aca5800 JavaThread "Service Thread" daemon [_thread_blocked, id=17087, stack(0x88b62000,0x88bb3000)]
  0x8aca3000 JavaThread "C2 CompilerThread1" daemon [_thread_blocked, id=17086, stack(0x88bb3000,0x88c34000)]
  0x8aca1000 JavaThread "C2 CompilerThread0" daemon [_thread_blocked, id=17085, stack(0x88c34000,0x88cb5000)]
  0x09403800 JavaThread "JDWP Command Reader" daemon [_thread_in_native, id=17081, stack(0x88cb5000,0x88d06000)]
  0x8ac9f400 JavaThread "JDWP Event Helper Thread" daemon [_thread_blocked, id=17080, stack(0x88d06000,0x88d57000)]
=>0x8ac9cc00 JavaThread "JDWP Transport Listener: dt_socket" daemon [_thread_in_vm, id=17079, stack(0x88d57000,0x88da8000)]
  0x8ac94400 JavaThread "Signal Dispatcher" daemon [_thread_blocked, id=17075, stack(0x88da8000,0x88df9000)]
  0x8ac50400 JavaThread "Finalizer" daemon [_thread_blocked, id=17074, stack(0x8ae01000,0x8ae52000)]
  0x8ac4e800 JavaThread "Reference Handler" daemon [_thread_blocked, id=17073, stack(0x88df9000,0x88e4a000)]
  0xb6508000 JavaThread "main" [_thread_blocked, id=17068, stack(0xb6618000,0xb6669000)]

Other Threads:
  0x8ac48400 VMThread [stack: 0x88e4a000,0x88ecb000] [id=17072]
  0x8aca7400 WatcherThread [stack: 0x88ae1000,0x88b62000] [id=17088]

VM state:not at safepoint (normal execution)

VM Mutex/Monitor currently owned by a thread: None

Heap
 PSYoungGen      total 8768K, used 922K [0xa86e0000, 0xa90a0000, 0xb3180000)
  eden space 7552K, 12% used [0xa86e0000,0xa87c6b50,0xa8e40000)
  from space 1216K, 0% used [0xa8f70000,0xa8f70000,0xa90a0000)
  to   space 1216K, 0% used [0xa8e40000,0xa8e40000,0xa8f70000)
 ParOldGen       total 20032K, used 0K [0x93180000, 0x94510000, 0xa86e0000)
  object space 20032K, 0% used [0x93180000,0x93180000,0x94510000)
 PSPermGen       total 16384K, used 2526K [0x8b180000, 0x8c180000, 0x93180000)
  object space 16384K, 15% used [0x8b180000,0x8b3f7a78,0x8c180000)

Card table byte_map: [0x8b03f000,0x8b180000] byte_map_base: 0x8abe6400

Polling page: 0xb76dc000

Code Cache  [0xb324f000, 0xb348f000, 0xb624f000)
 total_blobs=113 nmethods=1 adapters=73 free_code_cache=48858Kb largest_free_block=50012032

Compilation events (2 events):
Event: 0,884 Thread 0x8aca1000    1             java.lang.String::hashCode (55 bytes)
Event: 0,894 Thread 0x8aca1000 nmethod 1 0xb3297c48 code [0xb3297d40, 0xb3297ed0]

GC Heap History (0 events):
No events

Deoptimization events (0 events):
No events

Internal exceptions (10 events):
Event: 0,884 Thread 0xb6508000 Threw 0xa8782610 at /build/buildd/openjdk-7-7u25-2.3.10/build/openjdk/hotspot/src/share/vm/prims/jvm.cpp:1235
Event: 0,884 Thread 0xb6508000 Threw 0xa8782728 at /build/buildd/openjdk-7-7u25-2.3.10/build/openjdk/hotspot/src/share/vm/prims/jvm.cpp:1235
Event: 0,885 Thread 0xb6508000 Threw 0xa8784538 at /build/buildd/openjdk-7-7u25-2.3.10/build/openjdk/hotspot/src/share/vm/prims/jvm.cpp:1235
Event: 0,885 Thread 0xb6508000 Threw 0xa8784650 at /build/buildd/openjdk-7-7u25-2.3.10/build/openjdk/hotspot/src/share/vm/prims/jvm.cpp:1235
Event: 0,885 Thread 0xb6508000 Threw 0xa8784f48 at /build/buildd/openjdk-7-7u25-2.3.10/build/openjdk/hotspot/src/share/vm/prims/jvm.cpp:1235
Event: 0,885 Thread 0xb6508000 Threw 0xa8785060 at /build/buildd/openjdk-7-7u25-2.3.10/build/openjdk/hotspot/src/share/vm/prims/jvm.cpp:1235
Event: 0,885 Thread 0xb6508000 Threw 0xa8785fd8 at /build/buildd/openjdk-7-7u25-2.3.10/build/openjdk/hotspot/src/share/vm/prims/jvm.cpp:1235
Event: 0,885 Thread 0xb6508000 Threw 0xa87860f0 at /build/buildd/openjdk-7-7u25-2.3.10/build/openjdk/hotspot/src/share/vm/prims/jvm.cpp:1235
Event: 0,885 Thread 0xb6508000 Threw 0xa8786968 at /build/buildd/openjdk-7-7u25-2.3.10/build/openjdk/hotspot/src/share/vm/prims/jvm.cpp:1235
Event: 0,885 Thread 0xb6508000 Threw 0xa8786a80 at /build/buildd/openjdk-7-7u25-2.3.10/build/openjdk/hotspot/src/share/vm/prims/jvm.cpp:1235

Events (10 events):
Event: 41,555 Executing VM operation: ChangeSingleStep
Event: 41,555 Executing VM operation: ChangeSingleStep done
Event: 41,556 Executing VM operation: ChangeSingleStep
Event: 41,556 Executing VM operation: ChangeSingleStep done
Event: 41,572 Executing VM operation: GetOrSetLocal
Event: 41,572 Executing VM operation: GetOrSetLocal done
Event: 41,584 Executing VM operation: GetOrSetLocal
Event: 41,584 Executing VM operation: GetOrSetLocal done
Event: 41,638 Executing VM operation: GetOrSetLocal
Event: 41,638 Executing VM operation: GetOrSetLocal done


Dynamic libraries:
08048000-08049000 r-xp 00000000 08:07 1711107    /usr/lib/jvm/java-7-openjdk-i386/jre/bin/java
08049000-0804a000 r--p 00000000 08:07 1711107    /usr/lib/jvm/java-7-openjdk-i386/jre/bin/java
0804a000-0804b000 rw-p 00001000 08:07 1711107    /usr/lib/jvm/java-7-openjdk-i386/jre/bin/java
09401000-09422000 rw-p 00000000 00:00 0          [heap]
88428000-88600000 rw-p 00000000 00:00 0 
88600000-88690000 rw-p 00000000 00:00 0 
88690000-88700000 ---p 00000000 00:00 0 
8878c000-8878d000 rw-p 00000000 00:00 0 
8878d000-88796000 r--s 000bc000 08:07 1711019    /usr/lib/jvm/java-7-openjdk-common/jre/lib/resources.jar
88796000-887d0000 r-xp 00000000 08:07 2622440    /lib/i386-linux-gnu/libpcre.so.3.12.1
887d0000-887d1000 r--p 00039000 08:07 2622440    /lib/i386-linux-gnu/libpcre.so.3.12.1
887d1000-887d2000 rw-p 0003a000 08:07 2622440    /lib/i386-linux-gnu/libpcre.so.3.12.1
887d2000-887d7000 r-xp 00000000 08:07 397956     /usr/lib/i386-linux-gnu/libffi.so.6.0.0
887d7000-887d8000 r--p 00004000 08:07 397956     /usr/lib/i386-linux-gnu/libffi.so.6.0.0
887d8000-887d9000 rw-p 00005000 08:07 397956     /usr/lib/i386-linux-gnu/libffi.so.6.0.0
887d9000-887ec000 r-xp 00000000 08:07 2627344    /lib/i386-linux-gnu/libresolv-2.15.so
887ec000-887ed000 ---p 00013000 08:07 2627344    /lib/i386-linux-gnu/libresolv-2.15.so
887ed000-887ee000 r--p 00013000 08:07 2627344    /lib/i386-linux-gnu/libresolv-2.15.so
887ee000-887ef000 rw-p 00014000 08:07 2627344    /lib/i386-linux-gnu/libresolv-2.15.so
887ef000-887f1000 rw-p 00000000 00:00 0 
887f1000-8880e000 r-xp 00000000 08:07 2622455    /lib/i386-linux-gnu/libselinux.so.1
8880e000-8880f000 r--p 0001c000 08:07 2622455    /lib/i386-linux-gnu/libselinux.so.1
8880f000-88810000 rw-p 0001d000 08:07 2622455    /lib/i386-linux-gnu/libselinux.so.1
88810000-88813000 r-xp 00000000 08:07 402857     /usr/lib/i386-linux-gnu/libgmodule-2.0.so.0.3200.4
88813000-88814000 r--p 00002000 08:07 402857     /usr/lib/i386-linux-gnu/libgmodule-2.0.so.0.3200.4
88814000-88815000 rw-p 00003000 08:07 402857     /usr/lib/i386-linux-gnu/libgmodule-2.0.so.0.3200.4
88815000-8890c000 r-xp 00000000 08:07 2621507    /lib/i386-linux-gnu/libglib-2.0.so.0.3200.4
8890c000-8890d000 r--p 000f6000 08:07 2621507    /lib/i386-linux-gnu/libglib-2.0.so.0.3200.4
8890d000-8890e000 rw-p 000f7000 08:07 2621507    /lib/i386-linux-gnu/libglib-2.0.so.0.3200.4
8890e000-8895b000 r-xp 00000000 08:07 393932     /usr/lib/i386-linux-gnu/libgobject-2.0.so.0.3200.4
8895b000-8895c000 r--p 0004c000 08:07 393932     /usr/lib/i386-linux-gnu/libgobject-2.0.so.0.3200.4
8895c000-8895d000 rw-p 0004d000 08:07 393932     /usr/lib/i386-linux-gnu/libgobject-2.0.so.0.3200.4
8895d000-88ab0000 r-xp 00000000 08:07 393934     /usr/lib/i386-linux-gnu/libgio-2.0.so.0.3200.4
88ab0000-88ab2000 r--p 00153000 08:07 393934     /usr/lib/i386-linux-gnu/libgio-2.0.so.0.3200.4
88ab2000-88ab3000 rw-p 00155000 08:07 393934     /usr/lib/i386-linux-gnu/libgio-2.0.so.0.3200.4
88ab3000-88ab4000 rw-p 00000000 00:00 0 
88ab6000-88ac7000 r-xp 00000000 08:07 1711077    /usr/lib/jvm/java-7-openjdk-i386/jre/lib/i386/libnio.so
88ac7000-88ac8000 r--p 00010000 08:07 1711077    /usr/lib/jvm/java-7-openjdk-i386/jre/lib/i386/libnio.so
88ac8000-88ac9000 rw-p 00011000 08:07 1711077    /usr/lib/jvm/java-7-openjdk-i386/jre/lib/i386/libnio.so
88ac9000-88adf000 r-xp 00000000 08:07 1711078    /usr/lib/jvm/java-7-openjdk-i386/jre/lib/i386/libnet.so
88adf000-88ae0000 r--p 00015000 08:07 1711078    /usr/lib/jvm/java-7-openjdk-i386/jre/lib/i386/libnet.so
88ae0000-88ae1000 rw-p 00016000 08:07 1711078    /usr/lib/jvm/java-7-openjdk-i386/jre/lib/i386/libnet.so
88ae1000-88ae2000 ---p 00000000 00:00 0 
88ae2000-88b62000 rw-p 00000000 00:00 0 
88b62000-88b65000 ---p 00000000 00:00 0 
88b65000-88bb3000 rw-p 00000000 00:00 0 
88bb3000-88bb6000 ---p 00000000 00:00 0 
88bb6000-88c34000 rw-p 00000000 00:00 0 
88c34000-88c37000 ---p 00000000 00:00 0 
88c37000-88cb5000 rw-p 00000000 00:00 0 
88cb5000-88cb8000 ---p 00000000 00:00 0 
88cb8000-88d06000 rw-p 00000000 00:00 0 
88d06000-88d09000 ---p 00000000 00:00 0 
88d09000-88d57000 rw-p 00000000 00:00 0 
88d57000-88d5a000 ---p 00000000 00:00 0 
88d5a000-88da8000 rw-p 00000000 00:00 0 
88da8000-88dab000 ---p 00000000 00:00 0 
88dab000-88df9000 rw-p 00000000 00:00 0 
88df9000-88dfc000 ---p 00000000 00:00 0 
88dfc000-88e4a000 rw-p 00000000 00:00 0 
88e4a000-88e4b000 ---p 00000000 00:00 0 
88e4b000-88f13000 rw-p 00000000 00:00 0 
88f13000-890c0000 r--s 01cec000 08:07 1711056    /usr/lib/jvm/java-7-openjdk-i386/jre/lib/rt.jar
890c0000-8ab00000 rw-p 00000000 00:00 0 
8ab00000-8ab21000 rw-p 00000000 00:00 0 
8ab21000-8ac00000 ---p 00000000 00:00 0 
8ac00000-8acf5000 rw-p 00000000 00:00 0 
8acf5000-8ad00000 ---p 00000000 00:00 0 
8ad00000-8ad21000 rw-p 00000000 00:00 0 
8ad21000-8ae00000 ---p 00000000 00:00 0 
8ae01000-8ae04000 ---p 00000000 00:00 0 
8ae04000-8ae52000 rw-p 00000000 00:00 0 
8ae52000-8ae53000 ---p 00000000 00:00 0 
8ae53000-8aed3000 rw-p 00000000 00:00 0 
8aed3000-8aed4000 ---p 00000000 00:00 0 
8aed4000-8af5c000 rw-p 00000000 00:00 0 
8af5c000-8af94000 rw-p 00000000 00:00 0 
8af94000-8af9e000 rw-p 00000000 00:00 0 
8af9e000-8b03f000 rw-p 00000000 00:00 0 
8b03f000-8b047000 rw-p 00000000 00:00 0 
8b047000-8b07f000 rw-p 00000000 00:00 0 
8b07f000-8b089000 rw-p 00000000 00:00 0 
8b089000-8b129000 rw-p 00000000 00:00 0 
8b129000-8b12f000 rw-p 00000000 00:00 0 
8b12f000-8b17f000 rw-p 00000000 00:00 0 
8b17f000-8c180000 rw-p 00000000 00:00 0 
8c180000-93180000 rw-p 00000000 00:00 0 
93180000-94510000 rw-p 00000000 00:00 0 
94510000-a86e0000 rw-p 00000000 00:00 0 
a86e0000-a90a0000 rw-p 00000000 00:00 0 
a90a0000-b3180000 rw-p 00000000 00:00 0 
b3181000-b3184000 r--s 0000f000 08:07 1711001    /usr/lib/jvm/java-7-openjdk-common/jre/lib/ext/pulse-java.jar
b3184000-b3188000 r--s 00085000 08:07 1711003    /usr/lib/jvm/java-7-openjdk-common/jre/lib/ext/localedata.jar
b3188000-b3189000 r--s 00007000 08:07 663965     /usr/share/java/java-atk-wrapper.jar
b3189000-b318c000 r--s 00032000 08:07 1711000    /usr/lib/jvm/java-7-openjdk-common/jre/lib/ext/sunjce_provider.jar
b318c000-b318f000 r--s 0003c000 08:07 1711002    /usr/lib/jvm/java-7-openjdk-common/jre/lib/ext/sunpkcs11.jar
b318f000-b3198000 rw-p 00000000 00:00 0 
b3198000-b324f000 rw-p 00000000 00:00 0 
b324f000-b348f000 rwxp 00000000 00:00 0 
b348f000-b624f000 rw-p 00000000 00:00 0 
b624f000-b625a000 r-xp 00000000 08:07 2627355    /lib/i386-linux-gnu/libnss_files-2.15.so
b625a000-b625b000 r--p 0000a000 08:07 2627355    /lib/i386-linux-gnu/libnss_files-2.15.so
b625b000-b625c000 rw-p 0000b000 08:07 2627355    /lib/i386-linux-gnu/libnss_files-2.15.so
b625c000-b6266000 r-xp 00000000 08:07 2627354    /lib/i386-linux-gnu/libnss_nis-2.15.so
b6266000-b6267000 r--p 00009000 08:07 2627354    /lib/i386-linux-gnu/libnss_nis-2.15.so
b6267000-b6268000 rw-p 0000a000 08:07 2627354    /lib/i386-linux-gnu/libnss_nis-2.15.so
b6268000-b627e000 r-xp 00000000 08:07 2627341    /lib/i386-linux-gnu/libnsl-2.15.so
b627e000-b627f000 r--p 00015000 08:07 2627341    /lib/i386-linux-gnu/libnsl-2.15.so
b627f000-b6280000 rw-p 00016000 08:07 2627341    /lib/i386-linux-gnu/libnsl-2.15.so
b6280000-b6282000 rw-p 00000000 00:00 0 
b6282000-b6283000 r--s 00002000 08:07 1710999    /usr/lib/jvm/java-7-openjdk-common/jre/lib/ext/dnsns.jar
b6283000-b6285000 r--s 00012000 08:07 1711004    /usr/lib/jvm/java-7-openjdk-common/jre/lib/ext/zipfs.jar
b6285000-b628d000 r-xp 00000000 08:07 1711090    /usr/lib/jvm/java-7-openjdk-i386/jre/lib/i386/libzip.so
b628d000-b628e000 r--p 00007000 08:07 1711090    /usr/lib/jvm/java-7-openjdk-i386/jre/lib/i386/libzip.so
b628e000-b628f000 rw-p 00008000 08:07 1711090    /usr/lib/jvm/java-7-openjdk-i386/jre/lib/i386/libzip.so
b628f000-b6297000 rw-s 00000000 08:07 4727635    /tmp/hsperfdata_fernanda/17062
b6297000-b6497000 r--p 00000000 08:07 400417     /usr/lib/locale/locale-archive
b6497000-b64d5000 r-xp 00000000 08:07 1711075    /usr/lib/jvm/java-7-openjdk-i386/jre/lib/i386/libjdwp.so
b64d5000-b64d6000 r--p 0003d000 08:07 1711075    /usr/lib/jvm/java-7-openjdk-i386/jre/lib/i386/libjdwp.so
b64d6000-b64d7000 rw-p 0003e000 08:07 1711075    /usr/lib/jvm/java-7-openjdk-i386/jre/lib/i386/libjdwp.so
b64d7000-b64fe000 r-xp 00000000 08:07 1711069    /usr/lib/jvm/java-7-openjdk-i386/jre/lib/i386/libjava.so
b64fe000-b64ff000 r--p 00026000 08:07 1711069    /usr/lib/jvm/java-7-openjdk-i386/jre/lib/i386/libjava.so
b64ff000-b6500000 rw-p 00027000 08:07 1711069    /usr/lib/jvm/java-7-openjdk-i386/jre/lib/i386/libjava.so
b6500000-b65f3000 rw-p 00000000 00:00 0 
b65f3000-b6600000 ---p 00000000 00:00 0 
b6600000-b6604000 r-xp 00000000 08:07 1711073    /usr/lib/jvm/java-7-openjdk-i386/jre/lib/i386/libdt_socket.so
b6604000-b6605000 r--p 00003000 08:07 1711073    /usr/lib/jvm/java-7-openjdk-i386/jre/lib/i386/libdt_socket.so
b6605000-b6606000 rw-p 00004000 08:07 1711073    /usr/lib/jvm/java-7-openjdk-i386/jre/lib/i386/libdt_socket.so
b6606000-b660d000 r-xp 00000000 08:07 2627356    /lib/i386-linux-gnu/libnss_compat-2.15.so
b660d000-b660e000 r--p 00006000 08:07 2627356    /lib/i386-linux-gnu/libnss_compat-2.15.so
b660e000-b660f000 rw-p 00007000 08:07 2627356    /lib/i386-linux-gnu/libnss_compat-2.15.so
b660f000-b6616000 r-xp 00000000 08:07 2627349    /lib/i386-linux-gnu/librt-2.15.so
b6616000-b6617000 r--p 00006000 08:07 2627349    /lib/i386-linux-gnu/librt-2.15.so
b6617000-b6618000 rw-p 00007000 08:07 2627349    /lib/i386-linux-gnu/librt-2.15.so
b6618000-b661b000 ---p 00000000 00:00 0 
b661b000-b6669000 rw-p 00000000 00:00 0 
b6669000-b6685000 r-xp 00000000 08:07 2622388    /lib/i386-linux-gnu/libgcc_s.so.1
b6685000-b6686000 r--p 0001b000 08:07 2622388    /lib/i386-linux-gnu/libgcc_s.so.1
b6686000-b6687000 rw-p 0001c000 08:07 2622388    /lib/i386-linux-gnu/libgcc_s.so.1
b6687000-b66b1000 r-xp 00000000 08:07 2627353    /lib/i386-linux-gnu/libm-2.15.so
b66b1000-b66b2000 r--p 00029000 08:07 2627353    /lib/i386-linux-gnu/libm-2.15.so
b66b2000-b66b3000 rw-p 0002a000 08:07 2627353    /lib/i386-linux-gnu/libm-2.15.so
b66b3000-b678b000 r-xp 00000000 08:07 398298     /usr/lib/i386-linux-gnu/libstdc++.so.6.0.16
b678b000-b678c000 ---p 000d8000 08:07 398298     /usr/lib/i386-linux-gnu/libstdc++.so.6.0.16
b678c000-b6790000 r--p 000d8000 08:07 398298     /usr/lib/i386-linux-gnu/libstdc++.so.6.0.16
b6790000-b6791000 rw-p 000dc000 08:07 398298     /usr/lib/i386-linux-gnu/libstdc++.so.6.0.16
b6791000-b6798000 rw-p 00000000 00:00 0 
b6798000-b707d000 r-xp 00000000 08:07 1711065    /usr/lib/jvm/java-7-openjdk-i386/jre/lib/i386/server/libjvm.so
b707d000-b70c4000 r--p 008e5000 08:07 1711065    /usr/lib/jvm/java-7-openjdk-i386/jre/lib/i386/server/libjvm.so
b70c4000-b70d8000 rw-p 0092c000 08:07 1711065    /usr/lib/jvm/java-7-openjdk-i386/jre/lib/i386/server/libjvm.so
b70d8000-b74f6000 rw-p 00000000 00:00 0 
b74f6000-b750a000 r-xp 00000000 08:07 2622478    /lib/i386-linux-gnu/libz.so.1.2.3.4
b750a000-b750b000 r--p 00013000 08:07 2622478    /lib/i386-linux-gnu/libz.so.1.2.3.4
b750b000-b750c000 rw-p 00014000 08:07 2622478    /lib/i386-linux-gnu/libz.so.1.2.3.4
b750c000-b7523000 r-xp 00000000 08:07 2627347    /lib/i386-linux-gnu/libpthread-2.15.so
b7523000-b7524000 r--p 00016000 08:07 2627347    /lib/i386-linux-gnu/libpthread-2.15.so
b7524000-b7525000 rw-p 00017000 08:07 2627347    /lib/i386-linux-gnu/libpthread-2.15.so
b7525000-b7527000 rw-p 00000000 00:00 0 
b7527000-b752a000 r-xp 00000000 08:07 2627357    /lib/i386-linux-gnu/libdl-2.15.so
b752a000-b752b000 r--p 00002000 08:07 2627357    /lib/i386-linux-gnu/libdl-2.15.so
b752b000-b752c000 rw-p 00003000 08:07 2627357    /lib/i386-linux-gnu/libdl-2.15.so
b752c000-b76d0000 r-xp 00000000 08:07 2627358    /lib/i386-linux-gnu/libc-2.15.so
b76d0000-b76d2000 r--p 001a4000 08:07 2627358    /lib/i386-linux-gnu/libc-2.15.so
b76d2000-b76d3000 rw-p 001a6000 08:07 2627358    /lib/i386-linux-gnu/libc-2.15.so
b76d3000-b76d6000 rw-p 00000000 00:00 0 
b76d6000-b76d9000 r-xp 00000000 08:07 1711081    /usr/lib/jvm/java-7-openjdk-i386/jre/lib/i386/libnpt.so
b76d9000-b76da000 r--p 00002000 08:07 1711081    /usr/lib/jvm/java-7-openjdk-i386/jre/lib/i386/libnpt.so
b76da000-b76db000 rw-p 00003000 08:07 1711081    /usr/lib/jvm/java-7-openjdk-i386/jre/lib/i386/libnpt.so
b76db000-b76dc000 rw-p 00000000 00:00 0 
b76dc000-b76dd000 r--p 00000000 00:00 0 
b76dd000-b76e9000 r-xp 00000000 08:07 1711080    /usr/lib/jvm/java-7-openjdk-i386/jre/lib/i386/libverify.so
b76e9000-b76ea000 r--p 0000b000 08:07 1711080    /usr/lib/jvm/java-7-openjdk-i386/jre/lib/i386/libverify.so
b76ea000-b76eb000 rw-p 0000c000 08:07 1711080    /usr/lib/jvm/java-7-openjdk-i386/jre/lib/i386/libverify.so
b76eb000-b76f8000 r-xp 00000000 08:07 1711071    /usr/lib/jvm/java-7-openjdk-i386/jre/lib/i386/jli/libjli.so
b76f8000-b76f9000 r--p 0000c000 08:07 1711071    /usr/lib/jvm/java-7-openjdk-i386/jre/lib/i386/jli/libjli.so
b76f9000-b76fa000 rw-p 0000d000 08:07 1711071    /usr/lib/jvm/java-7-openjdk-i386/jre/lib/i386/jli/libjli.so
b76fa000-b76fd000 rw-p 00000000 00:00 0 
b76fd000-b76fe000 r-xp 00000000 00:00 0          [vdso]
b76fe000-b771e000 r-xp 00000000 08:07 2627348    /lib/i386-linux-gnu/ld-2.15.so
b771e000-b771f000 r--p 0001f000 08:07 2627348    /lib/i386-linux-gnu/ld-2.15.so
b771f000-b7720000 rw-p 00020000 08:07 2627348    /lib/i386-linux-gnu/ld-2.15.so
bfe83000-bfea4000 rw-p 00000000 00:00 0          [stack]

VM Arguments:
jvm_args: -agentlib:jdwp=transport=dt_socket,suspend=y,address=localhost:49290 -Dfile.encoding=UTF-8 
java_command: main.glc
Launcher Type: SUN_STANDARD

Environment Variables:
PATH=/home/fernanda/.nvm/v0.10.15/bin:/usr/lib/lightdm/lightdm:/usr/local/sbin:/usr/local/bin:/usr/sbin:/usr/bin:/sbin:/bin:/usr/games:/home/fernanda/Downloads/vraptor-console:/home/fernanda/.rvm/bin
LD_LIBRARY_PATH=/usr/lib/jvm/java-7-openjdk-i386/jre/lib/i386/server:/usr/lib/jvm/java-7-openjdk-i386/jre/lib/i386:/usr/lib/jvm/java-7-openjdk-i386/jre/../lib/i386:/usr/lib/jvm/java-7-oracle/jre/lib/i386/client:/usr/lib/jvm/java-7-oracle/jre/lib/i386:
SHELL=/bin/bash
DISPLAY=:0.0

Signal Handlers:
SIGSEGV: [libjvm.so+0x756900], sa_mask[0]=0x7ffbfeff, sa_flags=0x10000004
SIGBUS: [libjvm.so+0x756900], sa_mask[0]=0x7ffbfeff, sa_flags=0x10000004
SIGFPE: [libjvm.so+0x5eb350], sa_mask[0]=0x7ffbfeff, sa_flags=0x10000004
SIGPIPE: [libjvm.so+0x5eb350], sa_mask[0]=0x7ffbfeff, sa_flags=0x10000004
SIGXFSZ: [libjvm.so+0x5eb350], sa_mask[0]=0x7ffbfeff, sa_flags=0x10000004
SIGILL: [libjvm.so+0x5eb350], sa_mask[0]=0x7ffbfeff, sa_flags=0x10000004
SIGUSR1: SIG_DFL, sa_mask[0]=0x00000000, sa_flags=0x00000000
SIGUSR2: [libjvm.so+0x5eb1e0], sa_mask[0]=0x00000004, sa_flags=0x10000004
SIGHUP: [libjvm.so+0x5eb860], sa_mask[0]=0x7ffbfeff, sa_flags=0x10000004
SIGINT: [libjvm.so+0x5eb860], sa_mask[0]=0x7ffbfeff, sa_flags=0x10000004
SIGTERM: [libjvm.so+0x5eb860], sa_mask[0]=0x7ffbfeff, sa_flags=0x10000004
SIGQUIT: [libjvm.so+0x5eb860], sa_mask[0]=0x7ffbfeff, sa_flags=0x10000004


---------------  S Y S T E M  ---------------

OS:Ubuntu 12.04 (precise)
uname:Linux 3.2.0-56-generic-pae #86-Ubuntu SMP Wed Oct 23 17:51:27 UTC 2013 i686
libc:glibc 2.15 NPTL 2.15 
rlimit: STACK 8192k, CORE 0k, NPROC 14891, NOFILE 4096, AS infinity
load average:1,11 1,04 1,08

/proc/meminfo:
MemTotal:        1920748 kB
MemFree:          119788 kB
Buffers:           14548 kB
Cached:           282932 kB
SwapCached:        42304 kB
Active:           867168 kB
Inactive:         854036 kB
Active(anon):     776480 kB
Inactive(anon):   782984 kB
Active(file):      90688 kB
Inactive(file):    71052 kB
Unevictable:         136 kB
Mlocked:             136 kB
HighTotal:       1041372 kB
HighFree:          13252 kB
LowTotal:         879376 kB
LowFree:          106536 kB
SwapTotal:       1953788 kB
SwapFree:         602540 kB
Dirty:               160 kB
Writeback:             0 kB
AnonPages:       1382212 kB
Mapped:           106460 kB
Shmem:            135680 kB
Slab:              35496 kB
SReclaimable:      14872 kB
SUnreclaim:        20624 kB
KernelStack:        4800 kB
PageTables:        20832 kB
NFS_Unstable:          0 kB
Bounce:                0 kB
WritebackTmp:          0 kB
CommitLimit:     2914160 kB
Committed_AS:    6971688 kB
VmallocTotal:     122880 kB
VmallocUsed:       16780 kB
VmallocChunk:      92352 kB
HardwareCorrupted:     0 kB
AnonHugePages:         0 kB
HugePages_Total:       0
HugePages_Free:        0
HugePages_Rsvd:        0
HugePages_Surp:        0
Hugepagesize:       2048 kB
DirectMap4k:       10232 kB
DirectMap2M:      903168 kB


CPU:total 2 (2 cores per cpu, 1 threads per core) family 6 model 37 stepping 5, cmov, cx8, fxsr, mmx, sse, sse2, sse3, ssse3, popcnt, tsc, tscinvbit

/proc/cpuinfo:
processor	: 0
vendor_id	: GenuineIntel
cpu family	: 6
model		: 37
model name	: Intel(R) Pentium(R) CPU        P6200  @ 2.13GHz
stepping	: 5
microcode	: 0x2
cpu MHz		: 2133.000
cache size	: 3072 KB
physical id	: 0
siblings	: 2
core id		: 0
cpu cores	: 2
apicid		: 0
initial apicid	: 0
fdiv_bug	: no
hlt_bug		: no
f00f_bug	: no
coma_bug	: no
fpu		: yes
fpu_exception	: yes
cpuid level	: 11
wp		: yes
flags		: fpu vme de pse tsc msr pae mce cx8 apic sep mtrr pge mca cmov pat pse36 clflush dts acpi mmx fxsr sse sse2 ss ht tm pbe nx rdtscp lm constant_tsc arch_perfmon pebs bts xtopology nonstop_tsc aperfmperf pni dtes64 monitor ds_cpl est tm2 ssse3 cx16 xtpr pdcm pcid popcnt lahf_lm arat dtherm
bogomips	: 4256.33
clflush size	: 64
cache_alignment	: 64
address sizes	: 36 bits physical, 48 bits virtual
power management:

processor	: 1
vendor_id	: GenuineIntel
cpu family	: 6
model		: 37
model name	: Intel(R) Pentium(R) CPU        P6200  @ 2.13GHz
stepping	: 5
microcode	: 0x2
cpu MHz		: 933.000
cache size	: 3072 KB
physical id	: 0
siblings	: 2
core id		: 2
cpu cores	: 2
apicid		: 4
initial apicid	: 4
fdiv_bug	: no
hlt_bug		: no
f00f_bug	: no
coma_bug	: no
fpu		: yes
fpu_exception	: yes
cpuid level	: 11
wp		: yes
flags		: fpu vme de pse tsc msr pae mce cx8 apic sep mtrr pge mca cmov pat pse36 clflush dts acpi mmx fxsr sse sse2 ss ht tm pbe nx rdtscp lm constant_tsc arch_perfmon pebs bts xtopology nonstop_tsc aperfmperf pni dtes64 monitor ds_cpl est tm2 ssse3 cx16 xtpr pdcm pcid popcnt lahf_lm arat dtherm
bogomips	: 4256.16
clflush size	: 64
cache_alignment	: 64
address sizes	: 36 bits physical, 48 bits virtual
power management:



Memory: 4k page, physical 1920748k(119788k free), swap 1953788k(602540k free)

vm_info: OpenJDK Server VM (23.7-b01) for linux-x86 JRE (1.7.0_25-b30), built on Jul 15 2013 20:45:25 by "buildd" with gcc 4.6.3

time: Mon Nov 11 01:07:08 2013
elapsed time: 41 seconds

